This file contains any messages produced by compilers while
running configure, to aid debugging if configure makes a mistake.

It was created by UCP2PCtrl configure 1.0, which was
generated by GNU Autoconf 2.69.  Invocation command line was

  $ /opt/testworkspace/UCP2PCtrl/configure CFLAGS=-g CXXFLAGS=-g

## --------- ##
## Platform. ##
## --------- ##

hostname = maxfortdev
uname -m = x86_64
uname -r = 4.4.0-31-generic
uname -s = Linux
uname -v = #50~14.04.1-Ubuntu SMP Wed Jul 13 01:07:32 UTC 2016

/usr/bin/uname -p = unknown
/bin/uname -X     = unknown

/bin/arch              = unknown
/usr/bin/arch -k       = unknown
/usr/convex/getsysinfo = unknown
/usr/bin/hostinfo      = unknown
/bin/machine           = unknown
/usr/bin/oslevel       = unknown
/bin/universe          = unknown

PATH: /usr/local/sbin
PATH: /usr/local/bin
PATH: /usr/sbin
PATH: /usr/bin
PATH: /sbin
PATH: /bin
PATH: /usr/games
PATH: /usr/local/games


## ----------- ##
## Core tests. ##
## ----------- ##

configure:2289: checking for gcc
configure:2305: found /usr/bin/gcc
configure:2316: result: gcc
configure:2545: checking for C compiler version
configure:2554: gcc --version >&5
gcc (Ubuntu 4.8.4-2ubuntu1~14.04.3) 4.8.4
Copyright (C) 2013 Free Software Foundation, Inc.
This is free software; see the source for copying conditions.  There is NO
warranty; not even for MERCHANTABILITY or FITNESS FOR A PARTICULAR PURPOSE.

configure:2565: $? = 0
configure:2554: gcc -v >&5
Using built-in specs.
COLLECT_GCC=gcc
COLLECT_LTO_WRAPPER=/usr/lib/gcc/x86_64-linux-gnu/4.8/lto-wrapper
Target: x86_64-linux-gnu
Configured with: ../src/configure -v --with-pkgversion='Ubuntu 4.8.4-2ubuntu1~14.04.3' --with-bugurl=file:///usr/share/doc/gcc-4.8/README.Bugs --enable-languages=c,c++,java,go,d,fortran,objc,obj-c++ --prefix=/usr --program-suffix=-4.8 --enable-shared --enable-linker-build-id --libexecdir=/usr/lib --without-included-gettext --enable-threads=posix --with-gxx-include-dir=/usr/include/c++/4.8 --libdir=/usr/lib --enable-nls --with-sysroot=/ --enable-clocale=gnu --enable-libstdcxx-debug --enable-libstdcxx-time=yes --enable-gnu-unique-object --disable-libmudflap --enable-plugin --with-system-zlib --disable-browser-plugin --enable-java-awt=gtk --enable-gtk-cairo --with-java-home=/usr/lib/jvm/java-1.5.0-gcj-4.8-amd64/jre --enable-java-home --with-jvm-root-dir=/usr/lib/jvm/java-1.5.0-gcj-4.8-amd64 --with-jvm-jar-dir=/usr/lib/jvm-exports/java-1.5.0-gcj-4.8-amd64 --with-arch-directory=amd64 --with-ecj-jar=/usr/share/java/eclipse-ecj.jar --enable-objc-gc --enable-multiarch --disable-werror --with-arch-32=i686 --with-abi=m64 --with-multilib-list=m32,m64,mx32 --with-tune=generic --enable-checking=release --build=x86_64-linux-gnu --host=x86_64-linux-gnu --target=x86_64-linux-gnu
Thread model: posix
gcc version 4.8.4 (Ubuntu 4.8.4-2ubuntu1~14.04.3) 
configure:2565: $? = 0
configure:2554: gcc -V >&5
gcc: error: unrecognized command line option '-V'
gcc: fatal error: no input files
compilation terminated.
configure:2565: $? = 4
configure:2554: gcc -qversion >&5
gcc: error: unrecognized command line option '-qversion'
gcc: fatal error: no input files
compilation terminated.
configure:2565: $? = 4
configure:2585: checking whether the C compiler works
configure:2607: gcc -g   conftest.c  >&5
configure:2611: $? = 0
configure:2659: result: yes
configure:2662: checking for C compiler default output file name
configure:2664: result: a.out
configure:2670: checking for suffix of executables
configure:2677: gcc -o conftest -g   conftest.c  >&5
configure:2681: $? = 0
configure:2703: result: 
configure:2725: checking whether we are cross compiling
configure:2733: gcc -o conftest -g   conftest.c  >&5
configure:2737: $? = 0
configure:2744: ./conftest
configure:2748: $? = 0
configure:2763: result: no
configure:2768: checking for suffix of object files
configure:2790: gcc -c -g  conftest.c >&5
configure:2794: $? = 0
configure:2815: result: o
configure:2819: checking whether we are using the GNU C compiler
configure:2838: gcc -c -g  conftest.c >&5
configure:2838: $? = 0
configure:2847: result: yes
configure:2856: checking whether gcc accepts -g
configure:2876: gcc -c -g  conftest.c >&5
configure:2876: $? = 0
configure:2917: result: yes
configure:2934: checking for gcc option to accept ISO C89
configure:2997: gcc  -c -g  conftest.c >&5
configure:2997: $? = 0
configure:3010: result: none needed
configure:3088: checking for g++
configure:3104: found /usr/bin/g++
configure:3115: result: g++
configure:3142: checking for C++ compiler version
configure:3151: g++ --version >&5
g++ (Ubuntu 4.8.4-2ubuntu1~14.04.3) 4.8.4
Copyright (C) 2013 Free Software Foundation, Inc.
This is free software; see the source for copying conditions.  There is NO
warranty; not even for MERCHANTABILITY or FITNESS FOR A PARTICULAR PURPOSE.

configure:3162: $? = 0
configure:3151: g++ -v >&5
Using built-in specs.
COLLECT_GCC=g++
COLLECT_LTO_WRAPPER=/usr/lib/gcc/x86_64-linux-gnu/4.8/lto-wrapper
Target: x86_64-linux-gnu
Configured with: ../src/configure -v --with-pkgversion='Ubuntu 4.8.4-2ubuntu1~14.04.3' --with-bugurl=file:///usr/share/doc/gcc-4.8/README.Bugs --enable-languages=c,c++,java,go,d,fortran,objc,obj-c++ --prefix=/usr --program-suffix=-4.8 --enable-shared --enable-linker-build-id --libexecdir=/usr/lib --without-included-gettext --enable-threads=posix --with-gxx-include-dir=/usr/include/c++/4.8 --libdir=/usr/lib --enable-nls --with-sysroot=/ --enable-clocale=gnu --enable-libstdcxx-debug --enable-libstdcxx-time=yes --enable-gnu-unique-object --disable-libmudflap --enable-plugin --with-system-zlib --disable-browser-plugin --enable-java-awt=gtk --enable-gtk-cairo --with-java-home=/usr/lib/jvm/java-1.5.0-gcj-4.8-amd64/jre --enable-java-home --with-jvm-root-dir=/usr/lib/jvm/java-1.5.0-gcj-4.8-amd64 --with-jvm-jar-dir=/usr/lib/jvm-exports/java-1.5.0-gcj-4.8-amd64 --with-arch-directory=amd64 --with-ecj-jar=/usr/share/java/eclipse-ecj.jar --enable-objc-gc --enable-multiarch --disable-werror --with-arch-32=i686 --with-abi=m64 --with-multilib-list=m32,m64,mx32 --with-tune=generic --enable-checking=release --build=x86_64-linux-gnu --host=x86_64-linux-gnu --target=x86_64-linux-gnu
Thread model: posix
gcc version 4.8.4 (Ubuntu 4.8.4-2ubuntu1~14.04.3) 
configure:3162: $? = 0
configure:3151: g++ -V >&5
g++: error: unrecognized command line option '-V'
g++: fatal error: no input files
compilation terminated.
configure:3162: $? = 4
configure:3151: g++ -qversion >&5
g++: error: unrecognized command line option '-qversion'
g++: fatal error: no input files
compilation terminated.
configure:3162: $? = 4
configure:3166: checking whether we are using the GNU C++ compiler
configure:3185: g++ -c -g  conftest.cpp >&5
configure:3185: $? = 0
configure:3194: result: yes
configure:3203: checking whether g++ accepts -g
configure:3223: g++ -c -g  conftest.cpp >&5
configure:3223: $? = 0
configure:3264: result: yes
configure:3321: checking build system type
configure:3335: result: x86_64-unknown-linux-gnu
configure:3355: checking host system type
configure:3368: result: x86_64-unknown-linux-gnu
configure:3388: checking target system type
configure:3401: result: x86_64-unknown-linux-gnu
configure:3445: checking for a BSD-compatible install
configure:3513: result: /usr/bin/install -c
configure:3524: checking whether build environment is sane
configure:3574: result: yes
configure:3715: checking for a thread-safe mkdir -p
configure:3754: result: /bin/mkdir -p
configure:3767: checking for gawk
configure:3783: found /usr/bin/gawk
configure:3794: result: gawk
configure:3805: checking whether make sets $(MAKE)
configure:3827: result: yes
configure:3857: checking for style of include used by make
configure:3885: result: GNU
configure:3971: checking dependency style of gcc
configure:4082: result: gcc3
configure:4099: checking dependency style of g++
configure:4210: result: gcc3
configure:4228: checking whether gcc and cc understand -c and -o together
configure:4259: gcc -c conftest.c -o conftest2.o >&5
configure:4263: $? = 0
configure:4269: gcc -c conftest.c -o conftest2.o >&5
configure:4273: $? = 0
configure:4284: cc -c conftest.c >&5
configure:4288: $? = 0
configure:4296: cc -c conftest.c -o conftest2.o >&5
configure:4300: $? = 0
configure:4306: cc -c conftest.c -o conftest2.o >&5
configure:4310: $? = 0
configure:4328: result: yes
configure:4400: checking how to print strings
configure:4427: result: printf
configure:4448: checking for a sed that does not truncate output
configure:4512: result: /bin/sed
configure:4530: checking for grep that handles long lines and -e
configure:4588: result: /bin/grep
configure:4593: checking for egrep
configure:4655: result: /bin/grep -E
configure:4660: checking for fgrep
configure:4722: result: /bin/grep -F
configure:4757: checking for ld used by gcc
configure:4824: result: /usr/bin/ld
configure:4831: checking if the linker (/usr/bin/ld) is GNU ld
configure:4846: result: yes
configure:4858: checking for BSD- or MS-compatible name lister (nm)
configure:4907: result: /usr/bin/nm -B
configure:5037: checking the name lister (/usr/bin/nm -B) interface
configure:5044: gcc -c -g  conftest.c >&5
configure:5047: /usr/bin/nm -B "conftest.o"
configure:5050: output
0000000000000000 B some_variable
configure:5057: result: BSD nm
configure:5060: checking whether ln -s works
configure:5064: result: yes
configure:5072: checking the maximum length of command line arguments
configure:5203: result: 1572864
configure:5220: checking whether the shell understands some XSI constructs
configure:5230: result: yes
configure:5234: checking whether the shell understands "+="
configure:5240: result: yes
configure:5275: checking how to convert x86_64-unknown-linux-gnu file names to x86_64-unknown-linux-gnu format
configure:5315: result: func_convert_file_noop
configure:5322: checking how to convert x86_64-unknown-linux-gnu file names to toolchain format
configure:5342: result: func_convert_file_noop
configure:5349: checking for /usr/bin/ld option to reload object files
configure:5356: result: -r
configure:5430: checking for objdump
configure:5446: found /usr/bin/objdump
configure:5457: result: objdump
configure:5489: checking how to recognize dependent libraries
configure:5687: result: pass_all
configure:5772: checking for dlltool
configure:5802: result: no
configure:5832: checking how to associate runtime and link libraries
configure:5859: result: printf %s\n
configure:5920: checking for ar
configure:5936: found /usr/bin/ar
configure:5947: result: ar
configure:5984: checking for archiver @FILE support
configure:6001: gcc -c -g  conftest.c >&5
configure:6001: $? = 0
configure:6004: ar cru libconftest.a @conftest.lst >&5
configure:6007: $? = 0
configure:6012: ar cru libconftest.a @conftest.lst >&5
ar: conftest.o: No such file or directory
configure:6015: $? = 1
configure:6027: result: @
configure:6085: checking for strip
configure:6101: found /usr/bin/strip
configure:6112: result: strip
configure:6184: checking for ranlib
configure:6200: found /usr/bin/ranlib
configure:6211: result: ranlib
configure:6313: checking command to parse /usr/bin/nm -B output from gcc object
configure:6433: gcc -c -g  conftest.c >&5
configure:6436: $? = 0
configure:6440: /usr/bin/nm -B conftest.o \| sed -n -e 's/^.*[ ]\([ABCDGIRSTW][ABCDGIRSTW]*\)[ ][ ]*\([_A-Za-z][_A-Za-z0-9]*\)$/\1 \2 \2/p' | sed '/ __gnu_lto/d' \> conftest.nm
configure:6443: $? = 0
configure:6509: gcc -o conftest -g   conftest.c conftstm.o >&5
configure:6512: $? = 0
configure:6550: result: ok
configure:6587: checking for sysroot
configure:6617: result: no
configure:6694: gcc -c -g  conftest.c >&5
configure:6697: $? = 0
configure:6886: checking for mt
configure:6902: found /bin/mt
configure:6913: result: mt
configure:6936: checking if mt is a manifest tool
configure:6942: mt '-?'
configure:6950: result: no
configure:7592: checking how to run the C preprocessor
configure:7623: gcc -E  conftest.c
configure:7623: $? = 0
configure:7637: gcc -E  conftest.c
conftest.c:11:28: fatal error: ac_nonexistent.h: No such file or directory
 #include <ac_nonexistent.h>
                            ^
compilation terminated.
configure:7637: $? = 1
configure: failed program was:
| /* confdefs.h */
| #define PACKAGE_NAME "UCP2PCtrl"
| #define PACKAGE_TARNAME "ucp2pctrl"
| #define PACKAGE_VERSION "1.0"
| #define PACKAGE_STRING "UCP2PCtrl 1.0"
| #define PACKAGE_BUGREPORT ""
| #define PACKAGE_URL ""
| #define PACKAGE "ucp2pctrl"
| #define VERSION "1.0"
| /* end confdefs.h.  */
| #include <ac_nonexistent.h>
configure:7662: result: gcc -E
configure:7682: gcc -E  conftest.c
configure:7682: $? = 0
configure:7696: gcc -E  conftest.c
conftest.c:11:28: fatal error: ac_nonexistent.h: No such file or directory
 #include <ac_nonexistent.h>
                            ^
compilation terminated.
configure:7696: $? = 1
configure: failed program was:
| /* confdefs.h */
| #define PACKAGE_NAME "UCP2PCtrl"
| #define PACKAGE_TARNAME "ucp2pctrl"
| #define PACKAGE_VERSION "1.0"
| #define PACKAGE_STRING "UCP2PCtrl 1.0"
| #define PACKAGE_BUGREPORT ""
| #define PACKAGE_URL ""
| #define PACKAGE "ucp2pctrl"
| #define VERSION "1.0"
| /* end confdefs.h.  */
| #include <ac_nonexistent.h>
configure:7725: checking for ANSI C header files
configure:7745: gcc -c -g  conftest.c >&5
configure:7745: $? = 0
configure:7818: gcc -o conftest -g   conftest.c  >&5
configure:7818: $? = 0
configure:7818: ./conftest
configure:7818: $? = 0
configure:7829: result: yes
configure:7842: checking for sys/types.h
configure:7842: gcc -c -g  conftest.c >&5
configure:7842: $? = 0
configure:7842: result: yes
configure:7842: checking for sys/stat.h
configure:7842: gcc -c -g  conftest.c >&5
configure:7842: $? = 0
configure:7842: result: yes
configure:7842: checking for stdlib.h
configure:7842: gcc -c -g  conftest.c >&5
configure:7842: $? = 0
configure:7842: result: yes
configure:7842: checking for string.h
configure:7842: gcc -c -g  conftest.c >&5
configure:7842: $? = 0
configure:7842: result: yes
configure:7842: checking for memory.h
configure:7842: gcc -c -g  conftest.c >&5
configure:7842: $? = 0
configure:7842: result: yes
configure:7842: checking for strings.h
configure:7842: gcc -c -g  conftest.c >&5
configure:7842: $? = 0
configure:7842: result: yes
configure:7842: checking for inttypes.h
configure:7842: gcc -c -g  conftest.c >&5
configure:7842: $? = 0
configure:7842: result: yes
configure:7842: checking for stdint.h
configure:7842: gcc -c -g  conftest.c >&5
configure:7842: $? = 0
configure:7842: result: yes
configure:7842: checking for unistd.h
configure:7842: gcc -c -g  conftest.c >&5
configure:7842: $? = 0
configure:7842: result: yes
configure:7856: checking for dlfcn.h
configure:7856: gcc -c -g  conftest.c >&5
configure:7856: $? = 0
configure:7856: result: yes
configure:8073: checking for objdir
configure:8088: result: .libs
configure:8355: checking if gcc supports -fno-rtti -fno-exceptions
configure:8373: gcc -c -g  -fno-rtti -fno-exceptions conftest.c >&5
cc1: warning: command line option '-fno-rtti' is valid for C++/ObjC++ but not for C [enabled by default]
configure:8377: $? = 0
configure:8390: result: no
configure:8717: checking for gcc option to produce PIC
configure:8724: result: -fPIC -DPIC
configure:8732: checking if gcc PIC flag -fPIC -DPIC works
configure:8750: gcc -c -g  -fPIC -DPIC -DPIC conftest.c >&5
configure:8754: $? = 0
configure:8767: result: yes
configure:8796: checking if gcc static flag -static works
configure:8824: result: yes
configure:8839: checking if gcc supports -c -o file.o
configure:8860: gcc -c -g  -o out/conftest2.o conftest.c >&5
configure:8864: $? = 0
configure:8886: result: yes
configure:8894: checking if gcc supports -c -o file.o
configure:8941: result: yes
configure:8974: checking whether the gcc linker (/usr/bin/ld -m elf_x86_64) supports shared libraries
configure:10131: result: yes
configure:10168: checking whether -lc should be explicitly linked in
configure:10176: gcc -c -g  conftest.c >&5
configure:10179: $? = 0
configure:10194: gcc -shared  -fPIC -DPIC conftest.o  -v -Wl,-soname -Wl,conftest -o conftest 2\>\&1 \| /bin/grep  -lc  \>/dev/null 2\>\&1
configure:10197: $? = 0
configure:10211: result: no
configure:10371: checking dynamic linker characteristics
configure:10871: gcc -o conftest -g   -Wl,-rpath -Wl,/foo conftest.c  >&5
configure:10871: $? = 0
configure:11105: result: GNU/Linux ld.so
configure:11212: checking how to hardcode library paths into programs
configure:11237: result: immediate
configure:11777: checking whether stripping libraries is possible
configure:11782: result: yes
configure:11817: checking if libtool supports shared libraries
configure:11819: result: yes
configure:11822: checking whether to build shared libraries
configure:11843: result: yes
configure:11846: checking whether to build static libraries
configure:11850: result: yes
configure:11873: checking how to run the C++ preprocessor
configure:11900: g++ -E  conftest.cpp
configure:11900: $? = 0
configure:11914: g++ -E  conftest.cpp
conftest.cpp:23:28: fatal error: ac_nonexistent.h: No such file or directory
 #include <ac_nonexistent.h>
                            ^
compilation terminated.
configure:11914: $? = 1
configure: failed program was:
| /* confdefs.h */
| #define PACKAGE_NAME "UCP2PCtrl"
| #define PACKAGE_TARNAME "ucp2pctrl"
| #define PACKAGE_VERSION "1.0"
| #define PACKAGE_STRING "UCP2PCtrl 1.0"
| #define PACKAGE_BUGREPORT ""
| #define PACKAGE_URL ""
| #define PACKAGE "ucp2pctrl"
| #define VERSION "1.0"
| #define STDC_HEADERS 1
| #define HAVE_SYS_TYPES_H 1
| #define HAVE_SYS_STAT_H 1
| #define HAVE_STDLIB_H 1
| #define HAVE_STRING_H 1
| #define HAVE_MEMORY_H 1
| #define HAVE_STRINGS_H 1
| #define HAVE_INTTYPES_H 1
| #define HAVE_STDINT_H 1
| #define HAVE_UNISTD_H 1
| #define HAVE_DLFCN_H 1
| #define LT_OBJDIR ".libs/"
| /* end confdefs.h.  */
| #include <ac_nonexistent.h>
configure:11939: result: g++ -E
configure:11959: g++ -E  conftest.cpp
configure:11959: $? = 0
configure:11973: g++ -E  conftest.cpp
conftest.cpp:23:28: fatal error: ac_nonexistent.h: No such file or directory
 #include <ac_nonexistent.h>
                            ^
compilation terminated.
configure:11973: $? = 1
configure: failed program was:
| /* confdefs.h */
| #define PACKAGE_NAME "UCP2PCtrl"
| #define PACKAGE_TARNAME "ucp2pctrl"
| #define PACKAGE_VERSION "1.0"
| #define PACKAGE_STRING "UCP2PCtrl 1.0"
| #define PACKAGE_BUGREPORT ""
| #define PACKAGE_URL ""
| #define PACKAGE "ucp2pctrl"
| #define VERSION "1.0"
| #define STDC_HEADERS 1
| #define HAVE_SYS_TYPES_H 1
| #define HAVE_SYS_STAT_H 1
| #define HAVE_STDLIB_H 1
| #define HAVE_STRING_H 1
| #define HAVE_MEMORY_H 1
| #define HAVE_STRINGS_H 1
| #define HAVE_INTTYPES_H 1
| #define HAVE_STDINT_H 1
| #define HAVE_UNISTD_H 1
| #define HAVE_DLFCN_H 1
| #define LT_OBJDIR ".libs/"
| /* end confdefs.h.  */
| #include <ac_nonexistent.h>
configure:12142: checking for ld used by g++
configure:12209: result: /usr/bin/ld -m elf_x86_64
configure:12216: checking if the linker (/usr/bin/ld -m elf_x86_64) is GNU ld
configure:12231: result: yes
configure:12286: checking whether the g++ linker (/usr/bin/ld -m elf_x86_64) supports shared libraries
configure:13288: result: yes
configure:13324: g++ -c -g  conftest.cpp >&5
configure:13327: $? = 0
configure:13847: checking for g++ option to produce PIC
configure:13854: result: -fPIC -DPIC
configure:13862: checking if g++ PIC flag -fPIC -DPIC works
configure:13880: g++ -c -g  -fPIC -DPIC -DPIC conftest.cpp >&5
configure:13884: $? = 0
configure:13897: result: yes
configure:13920: checking if g++ static flag -static works
configure:13948: result: yes
configure:13960: checking if g++ supports -c -o file.o
configure:13981: g++ -c -g  -o out/conftest2.o conftest.cpp >&5
configure:13985: $? = 0
configure:14007: result: yes
configure:14012: checking if g++ supports -c -o file.o
configure:14059: result: yes
configure:14089: checking whether the g++ linker (/usr/bin/ld -m elf_x86_64) supports shared libraries
configure:14128: result: yes
configure:14269: checking dynamic linker characteristics
configure:14937: result: GNU/Linux ld.so
configure:14990: checking how to hardcode library paths into programs
configure:15015: result: immediate
configure:15251: creating ./config.status

## ---------------------- ##
## Running config.status. ##
## ---------------------- ##

This file was extended by UCP2PCtrl config.status 1.0, which was
generated by GNU Autoconf 2.69.  Invocation command line was

  CONFIG_FILES    = 
  CONFIG_HEADERS  = 
  CONFIG_LINKS    = 
  CONFIG_COMMANDS = 
  $ ./config.status 

on maxfortdev

config.status:1068: creating Makefile
config.status:1068: creating exampleProgram/Makefile
config.status:1068: creating libUCP2PCtrl/Makefile
config.status:1068: creating include/Makefile
config.status:1240: executing depfiles commands
config.status:1240: executing libtool commands

## ---------------- ##
## Cache variables. ##
## ---------------- ##

ac_cv_build=x86_64-unknown-linux-gnu
ac_cv_c_compiler_gnu=yes
ac_cv_cxx_compiler_gnu=yes
ac_cv_env_CCC_set=
ac_cv_env_CCC_value=
ac_cv_env_CC_set=
ac_cv_env_CC_value=
ac_cv_env_CFLAGS_set=set
ac_cv_env_CFLAGS_value=-g
ac_cv_env_CPPFLAGS_set=
ac_cv_env_CPPFLAGS_value=
ac_cv_env_CPP_set=
ac_cv_env_CPP_value=
ac_cv_env_CXXCPP_set=
ac_cv_env_CXXCPP_value=
ac_cv_env_CXXFLAGS_set=set
ac_cv_env_CXXFLAGS_value=-g
ac_cv_env_CXX_set=
ac_cv_env_CXX_value=
ac_cv_env_LDFLAGS_set=
ac_cv_env_LDFLAGS_value=
ac_cv_env_LIBS_set=
ac_cv_env_LIBS_value=
ac_cv_env_build_alias_set=
ac_cv_env_build_alias_value=
ac_cv_env_host_alias_set=
ac_cv_env_host_alias_value=
ac_cv_env_target_alias_set=
ac_cv_env_target_alias_value=
ac_cv_header_dlfcn_h=yes
ac_cv_header_inttypes_h=yes
ac_cv_header_memory_h=yes
ac_cv_header_stdc=yes
ac_cv_header_stdint_h=yes
ac_cv_header_stdlib_h=yes
ac_cv_header_string_h=yes
ac_cv_header_strings_h=yes
ac_cv_header_sys_stat_h=yes
ac_cv_header_sys_types_h=yes
ac_cv_header_unistd_h=yes
ac_cv_host=x86_64-unknown-linux-gnu
ac_cv_objext=o
ac_cv_path_EGREP='/bin/grep -E'
ac_cv_path_FGREP='/bin/grep -F'
ac_cv_path_GREP=/bin/grep
ac_cv_path_SED=/bin/sed
ac_cv_path_install='/usr/bin/install -c'
ac_cv_path_mkdir=/bin/mkdir
ac_cv_prog_AWK=gawk
ac_cv_prog_CPP='gcc -E'
ac_cv_prog_CXXCPP='g++ -E'
ac_cv_prog_ac_ct_AR=ar
ac_cv_prog_ac_ct_CC=gcc
ac_cv_prog_ac_ct_CXX=g++
ac_cv_prog_ac_ct_MANIFEST_TOOL=mt
ac_cv_prog_ac_ct_OBJDUMP=objdump
ac_cv_prog_ac_ct_RANLIB=ranlib
ac_cv_prog_ac_ct_STRIP=strip
ac_cv_prog_cc_c89=
ac_cv_prog_cc_g=yes
ac_cv_prog_cc_gcc_c_o=yes
ac_cv_prog_cxx_g=yes
ac_cv_prog_make_make_set=yes
ac_cv_target=x86_64-unknown-linux-gnu
am_cv_CC_dependencies_compiler_type=gcc3
am_cv_CXX_dependencies_compiler_type=gcc3
lt_cv_ar_at_file=@
lt_cv_archive_cmds_need_lc=no
lt_cv_deplibs_check_method=pass_all
lt_cv_file_magic_cmd='$MAGIC_CMD'
lt_cv_file_magic_test_file=
lt_cv_ld_reload_flag=-r
lt_cv_nm_interface='BSD nm'
lt_cv_objdir=.libs
lt_cv_path_LD=/usr/bin/ld
lt_cv_path_LDCXX='/usr/bin/ld -m elf_x86_64'
lt_cv_path_NM='/usr/bin/nm -B'
lt_cv_path_mainfest_tool=no
lt_cv_prog_compiler_c_o=yes
lt_cv_prog_compiler_c_o_CXX=yes
lt_cv_prog_compiler_pic='-fPIC -DPIC'
lt_cv_prog_compiler_pic_CXX='-fPIC -DPIC'
lt_cv_prog_compiler_pic_works=yes
lt_cv_prog_compiler_pic_works_CXX=yes
lt_cv_prog_compiler_rtti_exceptions=no
lt_cv_prog_compiler_static_works=yes
lt_cv_prog_compiler_static_works_CXX=yes
lt_cv_prog_gnu_ld=yes
lt_cv_prog_gnu_ldcxx=yes
lt_cv_sharedlib_from_linklib_cmd='printf %s\n'
lt_cv_shlibpath_overrides_runpath=no
lt_cv_sys_global_symbol_pipe='sed -n -e '\''s/^.*[	 ]\([ABCDGIRSTW][ABCDGIRSTW]*\)[	 ][	 ]*\([_A-Za-z][_A-Za-z0-9]*\)$/\1 \2 \2/p'\'' | sed '\''/ __gnu_lto/d'\'''
lt_cv_sys_global_symbol_to_c_name_address='sed -n -e '\''s/^: \([^ ]*\)[ ]*$/  {\"\1\", (void *) 0},/p'\'' -e '\''s/^[ABCDGIRSTW]* \([^ ]*\) \([^ ]*\)$/  {"\2", (void *) \&\2},/p'\'''
lt_cv_sys_global_symbol_to_c_name_address_lib_prefix='sed -n -e '\''s/^: \([^ ]*\)[ ]*$/  {\"\1\", (void *) 0},/p'\'' -e '\''s/^[ABCDGIRSTW]* \([^ ]*\) \(lib[^ ]*\)$/  {"\2", (void *) \&\2},/p'\'' -e '\''s/^[ABCDGIRSTW]* \([^ ]*\) \([^ ]*\)$/  {"lib\2", (void *) \&\2},/p'\'''
lt_cv_sys_global_symbol_to_cdecl='sed -n -e '\''s/^T .* \(.*\)$/extern int \1();/p'\'' -e '\''s/^[ABCDGIRSTW]* .* \(.*\)$/extern char \1;/p'\'''
lt_cv_sys_max_cmd_len=1572864
lt_cv_to_host_file_cmd=func_convert_file_noop
lt_cv_to_tool_file_cmd=func_convert_file_noop

## ----------------- ##
## Output variables. ##
## ----------------- ##

ACLOCAL='${SHELL} /opt/testworkspace/UCP2PCtrl/missing --run aclocal-1.11'
AMDEPBACKSLASH='\'
AMDEP_FALSE='#'
AMDEP_TRUE=''
AMTAR='$${TAR-tar}'
AR='ar'
AUTOCONF='${SHELL} /opt/testworkspace/UCP2PCtrl/missing --run autoconf'
AUTOHEADER='${SHELL} /opt/testworkspace/UCP2PCtrl/missing --run autoheader'
AUTOMAKE='${SHELL} /opt/testworkspace/UCP2PCtrl/missing --run automake-1.11'
AWK='gawk'
CC='gcc'
CCDEPMODE='depmode=gcc3'
CFLAGS='-g'
CPP='gcc -E'
CPPFLAGS=''
CXX='g++'
CXXCPP='g++ -E'
CXXDEPMODE='depmode=gcc3'
CXXFLAGS='-g'
CYGPATH_W='echo'
DEFS='-DPACKAGE_NAME=\"UCP2PCtrl\" -DPACKAGE_TARNAME=\"ucp2pctrl\" -DPACKAGE_VERSION=\"1.0\" -DPACKAGE_STRING=\"UCP2PCtrl\ 1.0\" -DPACKAGE_BUGREPORT=\"\" -DPACKAGE_URL=\"\" -DPACKAGE=\"ucp2pctrl\" -DVERSION=\"1.0\" -DSTDC_HEADERS=1 -DHAVE_SYS_TYPES_H=1 -DHAVE_SYS_STAT_H=1 -DHAVE_STDLIB_H=1 -DHAVE_STRING_H=1 -DHAVE_MEMORY_H=1 -DHAVE_STRINGS_H=1 -DHAVE_INTTYPES_H=1 -DHAVE_STDINT_H=1 -DHAVE_UNISTD_H=1 -DHAVE_DLFCN_H=1 -DLT_OBJDIR=\".libs/\"'
DEPDIR='.deps'
DLLTOOL='false'
DSYMUTIL=''
DUMPBIN=''
ECHO_C=''
ECHO_N='-n'
ECHO_T=''
EGREP='/bin/grep -E'
EXEEXT=''
FGREP='/bin/grep -F'
GREP='/bin/grep'
INSTALL_DATA='${INSTALL} -m 644'
INSTALL_PROGRAM='${INSTALL}'
INSTALL_SCRIPT='${INSTALL}'
INSTALL_STRIP_PROGRAM='$(install_sh) -c -s'
LD='/usr/bin/ld -m elf_x86_64'
LDFLAGS=''
LIBOBJS=''
LIBS=''
LIBTOOL='$(SHELL) $(top_builddir)/libtool'
LIPO=''
LN_S='ln -s'
LTLIBOBJS=''
MAKEINFO='${SHELL} /opt/testworkspace/UCP2PCtrl/missing --run makeinfo'
MANIFEST_TOOL=':'
MKDIR_P='/bin/mkdir -p'
NM='/usr/bin/nm -B'
NMEDIT=''
OBJDUMP='objdump'
OBJEXT='o'
OTOOL64=''
OTOOL=''
PACKAGE='ucp2pctrl'
PACKAGE_BUGREPORT=''
PACKAGE_NAME='UCP2PCtrl'
PACKAGE_STRING='UCP2PCtrl 1.0'
PACKAGE_TARNAME='ucp2pctrl'
PACKAGE_URL=''
PACKAGE_VERSION='1.0'
PATH_SEPARATOR=':'
RANLIB='ranlib'
SED='/bin/sed'
SET_MAKE=''
SHELL='/bin/bash'
STRIP='strip'
VERSION='1.0'
ac_ct_AR='ar'
ac_ct_CC='gcc'
ac_ct_CXX='g++'
ac_ct_DUMPBIN=''
am__EXEEXT_FALSE=''
am__EXEEXT_TRUE='#'
am__fastdepCC_FALSE='#'
am__fastdepCC_TRUE=''
am__fastdepCXX_FALSE='#'
am__fastdepCXX_TRUE=''
am__include='include'
am__isrc=''
am__leading_dot='.'
am__nodep='_no'
am__quote=''
am__tar='$${TAR-tar} chof - "$$tardir"'
am__untar='$${TAR-tar} xf -'
bindir='${exec_prefix}/bin'
build='x86_64-unknown-linux-gnu'
build_alias=''
build_cpu='x86_64'
build_os='linux-gnu'
build_vendor='unknown'
datadir='${datarootdir}'
datarootdir='${prefix}/share'
docdir='${datarootdir}/doc/${PACKAGE_TARNAME}'
dvidir='${docdir}'
exec_prefix='${prefix}'
host='x86_64-unknown-linux-gnu'
host_alias=''
host_cpu='x86_64'
host_os='linux-gnu'
host_vendor='unknown'
htmldir='${docdir}'
includedir='${prefix}/include'
infodir='${datarootdir}/info'
install_sh='${SHELL} /opt/testworkspace/UCP2PCtrl/install-sh'
libdir='${exec_prefix}/lib'
libexecdir='${exec_prefix}/libexec'
localedir='${datarootdir}/locale'
localstatedir='${prefix}/var'
mandir='${datarootdir}/man'
mkdir_p='/bin/mkdir -p'
oldincludedir='/usr/include'
pdfdir='${docdir}'
prefix='/usr/local'
program_transform_name='s,x,x,'
psdir='${docdir}'
sbindir='${exec_prefix}/sbin'
sharedstatedir='${prefix}/com'
sysconfdir='${prefix}/etc'
target='x86_64-unknown-linux-gnu'
target_alias=''
target_cpu='x86_64'
target_os='linux-gnu'
target_vendor='unknown'

## ----------- ##
## confdefs.h. ##
## ----------- ##

/* confdefs.h */
#define PACKAGE_NAME "UCP2PCtrl"
#define PACKAGE_TARNAME "ucp2pctrl"
#define PACKAGE_VERSION "1.0"
#define PACKAGE_STRING "UCP2PCtrl 1.0"
#define PACKAGE_BUGREPORT ""
#define PACKAGE_URL ""
#define PACKAGE "ucp2pctrl"
#define VERSION "1.0"
#define STDC_HEADERS 1
#define HAVE_SYS_TYPES_H 1
#define HAVE_SYS_STAT_H 1
#define HAVE_STDLIB_H 1
#define HAVE_STRING_H 1
#define HAVE_MEMORY_H 1
#define HAVE_STRINGS_H 1
#define HAVE_INTTYPES_H 1
#define HAVE_STDINT_H 1
#define HAVE_UNISTD_H 1
#define HAVE_DLFCN_H 1
#define LT_OBJDIR ".libs/"

configure: exit 0

## ---------------------- ##
## Running config.status. ##
## ---------------------- ##

This file was extended by UCP2PCtrl config.status 1.0, which was
generated by GNU Autoconf 2.69.  Invocation command line was

  CONFIG_FILES    = 
  CONFIG_HEADERS  = 
  CONFIG_LINKS    = 
  CONFIG_COMMANDS = 
  $ ./config.status include/Makefile

on maxfortdev

config.status:1068: creating include/Makefile

## ---------------------- ##
## Running config.status. ##
## ---------------------- ##

This file was extended by UCP2PCtrl config.status 1.0, which was
generated by GNU Autoconf 2.69.  Invocation command line was

  CONFIG_FILES    = 
  CONFIG_HEADERS  = 
  CONFIG_LINKS    = 
  CONFIG_COMMANDS = 
  $ ./config.status include/Makefile

on maxfortdev

config.status:1068: creating include/Makefile

## ---------------------- ##
## Running config.status. ##
## ---------------------- ##

This file was extended by UCP2PCtrl config.status 1.0, which was
generated by GNU Autoconf 2.69.  Invocation command line was

  CONFIG_FILES    = 
  CONFIG_HEADERS  = 
  CONFIG_LINKS    = 
  CONFIG_COMMANDS = 
  $ ./config.status include/Makefile

on maxfortdev

config.status:1068: creating include/Makefile
